<?xml version="1.0" encoding="UTF-8"?>
<!-- Generated by org.testng.reporters.JUnitXMLReporter -->
<testsuite ignored="0" hostname="TamannaPC" failures="0" tests="5" name="Test" time="28.993" errors="0" timestamp="2024-02-29T19:56:23 EST">
  <testcase classname="TestWithJenkins.Class_Assignment_Assertions_Login" name="enterValidCredentials" time="1.323"/>
  <testcase classname="TestWithJenkins.Class_Assignment_Assertions_Login" name="enterValidEmailInvalidPassword" time="0.779"/>
  <testcase classname="TestWithJenkins.Class_Assignment_Assertions_Login" name="enterInvalidEmailValidPassword" time="0.859"/>
  <testcase classname="TestWithJenkins.Class_Assignment_Assertions_Login" name="enterInvalidCredentials" time="0.785"/>
  <testcase classname="TestWithJenkins.Class_Assignment_Assertions_Login" name="enterNoCredentials" time="0.639"/>
</testsuite> <!-- Test -->
