<?xml version="1.0" encoding="UTF-8"?>
<testng-results ignored="0" total="5" passed="5" failed="0" skipped="0">
  <reporter-output>
  </reporter-output>
  <suite started-at="2024-02-29T19:55:54 EST" name="Suite" finished-at="2024-02-29T19:56:23 EST" duration-ms="28993">
    <groups>
    </groups>
    <test started-at="2024-02-29T19:55:54 EST" name="Test" finished-at="2024-02-29T19:56:23 EST" duration-ms="28993">
      <class name="TestWithJenkins.Class_Assignment_Assertions_Login">
        <test-method is-config="true" signature="setup()[pri:0, instance:TestWithJenkins.Class_Assignment_Assertions_Login@4facf68f]" started-at="2024-02-29T19:55:54 EST" name="setup" finished-at="2024-02-29T19:55:59 EST" duration-ms="5453" status="PASS">
          <reporter-output>
          </reporter-output>
        </test-method> <!-- setup -->
        <test-method signature="enterValidCredentials()[pri:1, instance:TestWithJenkins.Class_Assignment_Assertions_Login@4facf68f]" started-at="2024-02-29T19:55:59 EST" name="enterValidCredentials" finished-at="2024-02-29T19:56:00 EST" duration-ms="1323" status="PASS">
          <reporter-output>
          </reporter-output>
        </test-method> <!-- enterValidCredentials -->
        <test-method is-config="true" signature="tearDown()[pri:0, instance:TestWithJenkins.Class_Assignment_Assertions_Login@4facf68f]" started-at="2024-02-29T19:56:00 EST" name="tearDown" finished-at="2024-02-29T19:56:01 EST" duration-ms="168" status="PASS">
          <reporter-output>
          </reporter-output>
        </test-method> <!-- tearDown -->
        <test-method is-config="true" signature="setup()[pri:0, instance:TestWithJenkins.Class_Assignment_Assertions_Login@4facf68f]" started-at="2024-02-29T19:56:01 EST" name="setup" finished-at="2024-02-29T19:56:05 EST" duration-ms="4524" status="PASS">
          <reporter-output>
          </reporter-output>
        </test-method> <!-- setup -->
        <test-method signature="enterValidEmailInvalidPassword()[pri:2, instance:TestWithJenkins.Class_Assignment_Assertions_Login@4facf68f]" started-at="2024-02-29T19:56:05 EST" name="enterValidEmailInvalidPassword" finished-at="2024-02-29T19:56:06 EST" duration-ms="779" status="PASS">
          <reporter-output>
          </reporter-output>
        </test-method> <!-- enterValidEmailInvalidPassword -->
        <test-method is-config="true" signature="tearDown()[pri:0, instance:TestWithJenkins.Class_Assignment_Assertions_Login@4facf68f]" started-at="2024-02-29T19:56:06 EST" name="tearDown" finished-at="2024-02-29T19:56:06 EST" duration-ms="132" status="PASS">
          <reporter-output>
          </reporter-output>
        </test-method> <!-- tearDown -->
        <test-method is-config="true" signature="setup()[pri:0, instance:TestWithJenkins.Class_Assignment_Assertions_Login@4facf68f]" started-at="2024-02-29T19:56:06 EST" name="setup" finished-at="2024-02-29T19:56:11 EST" duration-ms="4570" status="PASS">
          <reporter-output>
          </reporter-output>
        </test-method> <!-- setup -->
        <test-method signature="enterInvalidEmailValidPassword()[pri:3, instance:TestWithJenkins.Class_Assignment_Assertions_Login@4facf68f]" started-at="2024-02-29T19:56:11 EST" name="enterInvalidEmailValidPassword" finished-at="2024-02-29T19:56:11 EST" duration-ms="859" status="PASS">
          <reporter-output>
          </reporter-output>
        </test-method> <!-- enterInvalidEmailValidPassword -->
        <test-method is-config="true" signature="tearDown()[pri:0, instance:TestWithJenkins.Class_Assignment_Assertions_Login@4facf68f]" started-at="2024-02-29T19:56:11 EST" name="tearDown" finished-at="2024-02-29T19:56:12 EST" duration-ms="138" status="PASS">
          <reporter-output>
          </reporter-output>
        </test-method> <!-- tearDown -->
        <test-method is-config="true" signature="setup()[pri:0, instance:TestWithJenkins.Class_Assignment_Assertions_Login@4facf68f]" started-at="2024-02-29T19:56:12 EST" name="setup" finished-at="2024-02-29T19:56:16 EST" duration-ms="4698" status="PASS">
          <reporter-output>
          </reporter-output>
        </test-method> <!-- setup -->
        <test-method signature="enterInvalidCredentials()[pri:4, instance:TestWithJenkins.Class_Assignment_Assertions_Login@4facf68f]" started-at="2024-02-29T19:56:16 EST" name="enterInvalidCredentials" finished-at="2024-02-29T19:56:17 EST" duration-ms="785" status="PASS">
          <reporter-output>
          </reporter-output>
        </test-method> <!-- enterInvalidCredentials -->
        <test-method is-config="true" signature="tearDown()[pri:0, instance:TestWithJenkins.Class_Assignment_Assertions_Login@4facf68f]" started-at="2024-02-29T19:56:17 EST" name="tearDown" finished-at="2024-02-29T19:56:17 EST" duration-ms="149" status="PASS">
          <reporter-output>
          </reporter-output>
        </test-method> <!-- tearDown -->
        <test-method is-config="true" signature="setup()[pri:0, instance:TestWithJenkins.Class_Assignment_Assertions_Login@4facf68f]" started-at="2024-02-29T19:56:17 EST" name="setup" finished-at="2024-02-29T19:56:22 EST" duration-ms="4575" status="PASS">
          <reporter-output>
          </reporter-output>
        </test-method> <!-- setup -->
        <test-method signature="enterNoCredentials()[pri:5, instance:TestWithJenkins.Class_Assignment_Assertions_Login@4facf68f]" started-at="2024-02-29T19:56:22 EST" name="enterNoCredentials" finished-at="2024-02-29T19:56:22 EST" duration-ms="639" status="PASS">
          <reporter-output>
          </reporter-output>
        </test-method> <!-- enterNoCredentials -->
        <test-method is-config="true" signature="tearDown()[pri:0, instance:TestWithJenkins.Class_Assignment_Assertions_Login@4facf68f]" started-at="2024-02-29T19:56:22 EST" name="tearDown" finished-at="2024-02-29T19:56:23 EST" duration-ms="151" status="PASS">
          <reporter-output>
          </reporter-output>
        </test-method> <!-- tearDown -->
      </class> <!-- TestWithJenkins.Class_Assignment_Assertions_Login -->
    </test> <!-- Test -->
  </suite> <!-- Suite -->
</testng-results>
