<?xml version="1.0" encoding="UTF-8"?>
<testng-results ignored="0" total="5" passed="5" failed="0" skipped="0">
  <reporter-output>
  </reporter-output>
  <suite started-at="2024-02-29T19:14:52 EST" name="Suite" finished-at="2024-02-29T19:15:21 EST" duration-ms="28975">
    <groups>
    </groups>
    <test started-at="2024-02-29T19:14:52 EST" name="Test" finished-at="2024-02-29T19:15:21 EST" duration-ms="28975">
      <class name="TestWithJenkins.Class_Assignment_Assertions_Login">
        <test-method is-config="true" signature="setup()[pri:0, instance:TestWithJenkins.Class_Assignment_Assertions_Login@65fb9ffc]" started-at="2024-02-29T19:14:52 EST" name="setup" finished-at="2024-02-29T19:14:58 EST" duration-ms="5727" status="PASS">
          <reporter-output>
          </reporter-output>
        </test-method> <!-- setup -->
        <test-method signature="enterValidCredentials()[pri:1, instance:TestWithJenkins.Class_Assignment_Assertions_Login@65fb9ffc]" started-at="2024-02-29T19:14:58 EST" name="enterValidCredentials" finished-at="2024-02-29T19:14:59 EST" duration-ms="1322" status="PASS">
          <reporter-output>
          </reporter-output>
        </test-method> <!-- enterValidCredentials -->
        <test-method is-config="true" signature="tearDown()[pri:0, instance:TestWithJenkins.Class_Assignment_Assertions_Login@65fb9ffc]" started-at="2024-02-29T19:14:59 EST" name="tearDown" finished-at="2024-02-29T19:14:59 EST" duration-ms="150" status="PASS">
          <reporter-output>
          </reporter-output>
        </test-method> <!-- tearDown -->
        <test-method is-config="true" signature="setup()[pri:0, instance:TestWithJenkins.Class_Assignment_Assertions_Login@65fb9ffc]" started-at="2024-02-29T19:14:59 EST" name="setup" finished-at="2024-02-29T19:15:04 EST" duration-ms="4630" status="PASS">
          <reporter-output>
          </reporter-output>
        </test-method> <!-- setup -->
        <test-method signature="enterValidEmailInvalidPassword()[pri:2, instance:TestWithJenkins.Class_Assignment_Assertions_Login@65fb9ffc]" started-at="2024-02-29T19:15:04 EST" name="enterValidEmailInvalidPassword" finished-at="2024-02-29T19:15:05 EST" duration-ms="853" status="PASS">
          <reporter-output>
          </reporter-output>
        </test-method> <!-- enterValidEmailInvalidPassword -->
        <test-method is-config="true" signature="tearDown()[pri:0, instance:TestWithJenkins.Class_Assignment_Assertions_Login@65fb9ffc]" started-at="2024-02-29T19:15:05 EST" name="tearDown" finished-at="2024-02-29T19:15:05 EST" duration-ms="139" status="PASS">
          <reporter-output>
          </reporter-output>
        </test-method> <!-- tearDown -->
        <test-method is-config="true" signature="setup()[pri:0, instance:TestWithJenkins.Class_Assignment_Assertions_Login@65fb9ffc]" started-at="2024-02-29T19:15:05 EST" name="setup" finished-at="2024-02-29T19:15:09 EST" duration-ms="4474" status="PASS">
          <reporter-output>
          </reporter-output>
        </test-method> <!-- setup -->
        <test-method signature="enterInvalidEmailValidPassword()[pri:3, instance:TestWithJenkins.Class_Assignment_Assertions_Login@65fb9ffc]" started-at="2024-02-29T19:15:09 EST" name="enterInvalidEmailValidPassword" finished-at="2024-02-29T19:15:10 EST" duration-ms="847" status="PASS">
          <reporter-output>
          </reporter-output>
        </test-method> <!-- enterInvalidEmailValidPassword -->
        <test-method is-config="true" signature="tearDown()[pri:0, instance:TestWithJenkins.Class_Assignment_Assertions_Login@65fb9ffc]" started-at="2024-02-29T19:15:10 EST" name="tearDown" finished-at="2024-02-29T19:15:10 EST" duration-ms="137" status="PASS">
          <reporter-output>
          </reporter-output>
        </test-method> <!-- tearDown -->
        <test-method is-config="true" signature="setup()[pri:0, instance:TestWithJenkins.Class_Assignment_Assertions_Login@65fb9ffc]" started-at="2024-02-29T19:15:10 EST" name="setup" finished-at="2024-02-29T19:15:15 EST" duration-ms="4501" status="PASS">
          <reporter-output>
          </reporter-output>
        </test-method> <!-- setup -->
        <test-method signature="enterInvalidCredentials()[pri:4, instance:TestWithJenkins.Class_Assignment_Assertions_Login@65fb9ffc]" started-at="2024-02-29T19:15:15 EST" name="enterInvalidCredentials" finished-at="2024-02-29T19:15:16 EST" duration-ms="810" status="PASS">
          <reporter-output>
          </reporter-output>
        </test-method> <!-- enterInvalidCredentials -->
        <test-method is-config="true" signature="tearDown()[pri:0, instance:TestWithJenkins.Class_Assignment_Assertions_Login@65fb9ffc]" started-at="2024-02-29T19:15:16 EST" name="tearDown" finished-at="2024-02-29T19:15:16 EST" duration-ms="112" status="PASS">
          <reporter-output>
          </reporter-output>
        </test-method> <!-- tearDown -->
        <test-method is-config="true" signature="setup()[pri:0, instance:TestWithJenkins.Class_Assignment_Assertions_Login@65fb9ffc]" started-at="2024-02-29T19:15:16 EST" name="setup" finished-at="2024-02-29T19:15:20 EST" duration-ms="4415" status="PASS">
          <reporter-output>
          </reporter-output>
        </test-method> <!-- setup -->
        <test-method signature="enterNoCredentials()[pri:5, instance:TestWithJenkins.Class_Assignment_Assertions_Login@65fb9ffc]" started-at="2024-02-29T19:15:20 EST" name="enterNoCredentials" finished-at="2024-02-29T19:15:21 EST" duration-ms="664" status="PASS">
          <reporter-output>
          </reporter-output>
        </test-method> <!-- enterNoCredentials -->
        <test-method is-config="true" signature="tearDown()[pri:0, instance:TestWithJenkins.Class_Assignment_Assertions_Login@65fb9ffc]" started-at="2024-02-29T19:15:21 EST" name="tearDown" finished-at="2024-02-29T19:15:21 EST" duration-ms="127" status="PASS">
          <reporter-output>
          </reporter-output>
        </test-method> <!-- tearDown -->
      </class> <!-- TestWithJenkins.Class_Assignment_Assertions_Login -->
    </test> <!-- Test -->
  </suite> <!-- Suite -->
</testng-results>
